android/app/build/intermediates/manifest_merge_blame_file/debug/processDebugMainManifest/manifest-merger-blame-debug-report.txt
1<?xml version="1.0" encoding="utf-8"?>
2<manifest xmlns:android="http://schemas.android.com/apk/res/android"
3    package="io.ionic.starter"
4    android:versionCode="1"
5    android:versionName="1.0" >
6
7    <uses-sdk
8        android:minSdkVersion="26"
9        android:targetSdkVersion="35" />
10
11    <!-- Permissions -->
12
13    <uses-permission android:name="android.permission.INTERNET" />
13-->src\main\AndroidManifest.xml:34:5-67
13-->src\main\AndroidManifest.xml:34:22-64
14    <uses-permission android:name="android.permission.VIBRATE" /> <!-- Permissions for webcam websites and such, for WebView -->
14-->[:capacitor-haptics] AndroidManifest.xml:7:5-66
14-->[:capacitor-haptics] AndroidManifest.xml:7:22-63
15    <uses-permission android:name="android.permission.RECORD_AUDIO" />
15-->[io.ionic.libs:ioninappbrowser-android:1.6.0] AndroidManifest.xml:10:5-71
15-->[io.ionic.libs:ioninappbrowser-android:1.6.0] AndroidManifest.xml:10:22-68
16    <uses-permission android:name="android.permission.MODIFY_AUDIO_SETTINGS" />
16-->[io.ionic.libs:ioninappbrowser-android:1.6.0] AndroidManifest.xml:11:5-80
16-->[io.ionic.libs:ioninappbrowser-android:1.6.0] AndroidManifest.xml:11:22-77
17    <uses-permission android:name="android.permission.CAMERA" /> <!-- Permissions for websites that request location (e.g. Google Maps), for WebView -->
17-->[io.ionic.libs:ioninappbrowser-android:1.6.0] AndroidManifest.xml:12:5-65
17-->[io.ionic.libs:ioninappbrowser-android:1.6.0] AndroidManifest.xml:12:22-62
18    <uses-permission android:name="android.permission.ACCESS_COARSE_LOCATION" />
18-->[io.ionic.libs:ioninappbrowser-android:1.6.0] AndroidManifest.xml:14:5-81
18-->[io.ionic.libs:ioninappbrowser-android:1.6.0] AndroidManifest.xml:14:22-78
19    <uses-permission android:name="android.permission.ACCESS_FINE_LOCATION" />
19-->[io.ionic.libs:ioninappbrowser-android:1.6.0] AndroidManifest.xml:15:5-79
19-->[io.ionic.libs:ioninappbrowser-android:1.6.0] AndroidManifest.xml:15:22-76
20
21    <queries>
21-->[io.ionic.libs:ioninappbrowser-android:1.6.0] AndroidManifest.xml:17:5-35:15
22        <intent>
22-->[io.ionic.libs:ioninappbrowser-android:1.6.0] AndroidManifest.xml:18:9-24:18
23            <action android:name="android.intent.action.VIEW" />
23-->[io.ionic.libs:ioninappbrowser-android:1.6.0] AndroidManifest.xml:19:13-65
23-->[io.ionic.libs:ioninappbrowser-android:1.6.0] AndroidManifest.xml:19:21-62
24
25            <category android:name="android.intent.category.BROWSABLE" />
25-->[io.ionic.libs:ioninappbrowser-android:1.6.0] AndroidManifest.xml:21:13-74
25-->[io.ionic.libs:ioninappbrowser-android:1.6.0] AndroidManifest.xml:21:23-71
26
27            <data android:scheme="http" />
27-->[io.ionic.libs:ioninappbrowser-android:1.6.0] AndroidManifest.xml:23:13-43
27-->[io.ionic.libs:ioninappbrowser-android:1.6.0] AndroidManifest.xml:23:19-40
28        </intent>
29        <intent>
29-->[io.ionic.libs:ioninappbrowser-android:1.6.0] AndroidManifest.xml:25:9-31:18
30            <action android:name="android.intent.action.VIEW" />
30-->[io.ionic.libs:ioninappbrowser-android:1.6.0] AndroidManifest.xml:19:13-65
30-->[io.ionic.libs:ioninappbrowser-android:1.6.0] AndroidManifest.xml:19:21-62
31
32            <category android:name="android.intent.category.BROWSABLE" />
32-->[io.ionic.libs:ioninappbrowser-android:1.6.0] AndroidManifest.xml:21:13-74
32-->[io.ionic.libs:ioninappbrowser-android:1.6.0] AndroidManifest.xml:21:23-71
33
34            <data android:scheme="https" />
34-->[io.ionic.libs:ioninappbrowser-android:1.6.0] AndroidManifest.xml:23:13-43
34-->[io.ionic.libs:ioninappbrowser-android:1.6.0] AndroidManifest.xml:23:19-40
35        </intent>
36        <intent>
36-->[io.ionic.libs:ioninappbrowser-android:1.6.0] AndroidManifest.xml:32:9-34:18
37            <action android:name="android.support.customtabs.action.CustomTabsService" />
37-->[io.ionic.libs:ioninappbrowser-android:1.6.0] AndroidManifest.xml:33:13-90
37-->[io.ionic.libs:ioninappbrowser-android:1.6.0] AndroidManifest.xml:33:21-87
38        </intent>
39    </queries>
40
41    <permission
41-->[androidx.core:core:1.15.0] AndroidManifest.xml:22:5-24:47
42        android:name="io.ionic.starter.DYNAMIC_RECEIVER_NOT_EXPORTED_PERMISSION"
42-->[androidx.core:core:1.15.0] AndroidManifest.xml:23:9-81
43        android:protectionLevel="signature" />
43-->[androidx.core:core:1.15.0] AndroidManifest.xml:24:9-44
44
45    <uses-permission android:name="io.ionic.starter.DYNAMIC_RECEIVER_NOT_EXPORTED_PERMISSION" />
45-->[androidx.core:core:1.15.0] AndroidManifest.xml:26:5-97
45-->[androidx.core:core:1.15.0] AndroidManifest.xml:26:22-94
46
47    <application
47-->src\main\AndroidManifest.xml:3:5-30:19
48        android:allowBackup="true"
48-->src\main\AndroidManifest.xml:4:9-35
49        android:appComponentFactory="androidx.core.app.CoreComponentFactory"
49-->[androidx.core:core:1.15.0] AndroidManifest.xml:28:18-86
50        android:debuggable="true"
51        android:extractNativeLibs="false"
52        android:icon="@mipmap/ic_launcher"
52-->src\main\AndroidManifest.xml:5:9-43
53        android:label="@string/app_name"
53-->src\main\AndroidManifest.xml:6:9-41
54        android:roundIcon="@mipmap/ic_launcher_round"
54-->src\main\AndroidManifest.xml:7:9-54
55        android:supportsRtl="true"
55-->src\main\AndroidManifest.xml:8:9-35
56        android:testOnly="true"
57        android:theme="@style/AppTheme" >
57-->src\main\AndroidManifest.xml:9:9-40
58        <activity
58-->src\main\AndroidManifest.xml:10:9-21:20
59            android:name="io.ionic.starter.MainActivity"
59-->src\main\AndroidManifest.xml:12:13-41
60            android:configChanges="orientation|keyboardHidden|keyboard|screenSize|locale|smallestScreenSize|screenLayout|uiMode|navigation"
60-->src\main\AndroidManifest.xml:11:13-140
61            android:exported="true"
61-->src\main\AndroidManifest.xml:16:13-36
62            android:label="@string/title_activity_main"
62-->src\main\AndroidManifest.xml:13:13-56
63            android:launchMode="singleTask"
63-->src\main\AndroidManifest.xml:15:13-44
64            android:theme="@style/AppTheme.NoActionBarLaunch" >
64-->src\main\AndroidManifest.xml:14:13-62
65            <intent-filter>
65-->src\main\AndroidManifest.xml:17:13-20:29
66                <action android:name="android.intent.action.MAIN" />
66-->src\main\AndroidManifest.xml:18:17-69
66-->src\main\AndroidManifest.xml:18:25-66
67
68                <category android:name="android.intent.category.LAUNCHER" />
68-->src\main\AndroidManifest.xml:19:17-77
68-->src\main\AndroidManifest.xml:19:27-74
69            </intent-filter>
70        </activity>
71
72        <provider
73            android:name="androidx.core.content.FileProvider"
73-->src\main\AndroidManifest.xml:24:13-62
74            android:authorities="io.ionic.starter.fileprovider"
74-->src\main\AndroidManifest.xml:25:13-64
75            android:exported="false"
75-->src\main\AndroidManifest.xml:26:13-37
76            android:grantUriPermissions="true" >
76-->src\main\AndroidManifest.xml:27:13-47
77            <meta-data
77-->src\main\AndroidManifest.xml:28:13-112
78                android:name="android.support.FILE_PROVIDER_PATHS"
78-->src\main\AndroidManifest.xml:28:24-74
79                android:resource="@xml/file_paths" />
79-->src\main\AndroidManifest.xml:28:75-109
80        </provider>
81
82        <activity
82-->[io.ionic.libs:ioninappbrowser-android:1.6.0] AndroidManifest.xml:38:9-45:36
83            android:name="com.outsystems.plugins.inappbrowser.osinappbrowserlib.views.OSIABWebViewActivity"
83-->[io.ionic.libs:ioninappbrowser-android:1.6.0] AndroidManifest.xml:39:13-108
84            android:configChanges="orientation|screenSize|uiMode"
84-->[io.ionic.libs:ioninappbrowser-android:1.6.0] AndroidManifest.xml:40:13-66
85            android:enableOnBackInvokedCallback="true"
85-->[io.ionic.libs:ioninappbrowser-android:1.6.0] AndroidManifest.xml:41:13-55
86            android:exported="false"
86-->[io.ionic.libs:ioninappbrowser-android:1.6.0] AndroidManifest.xml:42:13-37
87            android:label="OSIABWebViewActivity"
87-->[io.ionic.libs:ioninappbrowser-android:1.6.0] AndroidManifest.xml:43:13-49
88            android:theme="@style/AppTheme.WebView" />
88-->[io.ionic.libs:ioninappbrowser-android:1.6.0] AndroidManifest.xml:44:13-52
89        <activity
89-->[io.ionic.libs:ioninappbrowser-android:1.6.0] AndroidManifest.xml:46:9-52:73
90            android:name="com.outsystems.plugins.inappbrowser.osinappbrowserlib.views.OSIABCustomTabsControllerActivity"
90-->[io.ionic.libs:ioninappbrowser-android:1.6.0] AndroidManifest.xml:47:13-121
91            android:excludeFromRecents="true"
91-->[io.ionic.libs:ioninappbrowser-android:1.6.0] AndroidManifest.xml:48:13-46
92            android:exported="false"
92-->[io.ionic.libs:ioninappbrowser-android:1.6.0] AndroidManifest.xml:49:13-37
93            android:launchMode="singleTask"
93-->[io.ionic.libs:ioninappbrowser-android:1.6.0] AndroidManifest.xml:50:13-44
94            android:theme="@style/Theme.Transparent"
94-->[io.ionic.libs:ioninappbrowser-android:1.6.0] AndroidManifest.xml:51:13-53
95            android:windowSoftInputMode="stateAlwaysHidden|adjustPan" /> <!-- Used for when taking photos/videos when uploading files through WebChromeClient.onShowFileChooser -->
95-->[io.ionic.libs:ioninappbrowser-android:1.6.0] AndroidManifest.xml:52:13-70
96        <provider
96-->[io.ionic.libs:ioninappbrowser-android:1.6.0] AndroidManifest.xml:55:9-63:20
97            android:name="com.outsystems.plugins.inappbrowser.osinappbrowserlib.FileProvider"
97-->[io.ionic.libs:ioninappbrowser-android:1.6.0] AndroidManifest.xml:56:13-94
98            android:authorities="io.ionic.starter.fileprovider"
98-->[io.ionic.libs:ioninappbrowser-android:1.6.0] AndroidManifest.xml:57:13-64
99            android:exported="false"
99-->[io.ionic.libs:ioninappbrowser-android:1.6.0] AndroidManifest.xml:58:13-37
100            android:grantUriPermissions="true" >
100-->[io.ionic.libs:ioninappbrowser-android:1.6.0] AndroidManifest.xml:59:13-47
101            <meta-data
101-->src\main\AndroidManifest.xml:28:13-112
102                android:name="android.support.FILE_PROVIDER_PATHS"
102-->src\main\AndroidManifest.xml:28:24-74
103                android:resource="@xml/file_paths" />
103-->src\main\AndroidManifest.xml:28:75-109
104        </provider>
105        <provider
105-->[androidx.emoji2:emoji2:1.3.0] AndroidManifest.xml:24:9-32:20
106            android:name="androidx.startup.InitializationProvider"
106-->[androidx.emoji2:emoji2:1.3.0] AndroidManifest.xml:25:13-67
107            android:authorities="io.ionic.starter.androidx-startup"
107-->[androidx.emoji2:emoji2:1.3.0] AndroidManifest.xml:26:13-68
108            android:exported="false" >
108-->[androidx.emoji2:emoji2:1.3.0] AndroidManifest.xml:27:13-37
109            <meta-data
109-->[androidx.emoji2:emoji2:1.3.0] AndroidManifest.xml:29:13-31:52
110                android:name="androidx.emoji2.text.EmojiCompatInitializer"
110-->[androidx.emoji2:emoji2:1.3.0] AndroidManifest.xml:30:17-75
111                android:value="androidx.startup" />
111-->[androidx.emoji2:emoji2:1.3.0] AndroidManifest.xml:31:17-49
112            <meta-data
112-->[androidx.lifecycle:lifecycle-process:2.8.7] AndroidManifest.xml:29:13-31:52
113                android:name="androidx.lifecycle.ProcessLifecycleInitializer"
113-->[androidx.lifecycle:lifecycle-process:2.8.7] AndroidManifest.xml:30:17-78
114                android:value="androidx.startup" />
114-->[androidx.lifecycle:lifecycle-process:2.8.7] AndroidManifest.xml:31:17-49
115            <meta-data
115-->[androidx.profileinstaller:profileinstaller:1.4.0] AndroidManifest.xml:29:13-31:52
116                android:name="androidx.profileinstaller.ProfileInstallerInitializer"
116-->[androidx.profileinstaller:profileinstaller:1.4.0] AndroidManifest.xml:30:17-85
117                android:value="androidx.startup" />
117-->[androidx.profileinstaller:profileinstaller:1.4.0] AndroidManifest.xml:31:17-49
118        </provider>
119
120        <receiver
120-->[androidx.profileinstaller:profileinstaller:1.4.0] AndroidManifest.xml:34:9-52:20
121            android:name="androidx.profileinstaller.ProfileInstallReceiver"
121-->[androidx.profileinstaller:profileinstaller:1.4.0] AndroidManifest.xml:35:13-76
122            android:directBootAware="false"
122-->[androidx.profileinstaller:profileinstaller:1.4.0] AndroidManifest.xml:36:13-44
123            android:enabled="true"
123-->[androidx.profileinstaller:profileinstaller:1.4.0] AndroidManifest.xml:37:13-35
124            android:exported="true"
124-->[androidx.profileinstaller:profileinstaller:1.4.0] AndroidManifest.xml:38:13-36
125            android:permission="android.permission.DUMP" >
125-->[androidx.profileinstaller:profileinstaller:1.4.0] AndroidManifest.xml:39:13-57
126            <intent-filter>
126-->[androidx.profileinstaller:profileinstaller:1.4.0] AndroidManifest.xml:40:13-42:29
127                <action android:name="androidx.profileinstaller.action.INSTALL_PROFILE" />
127-->[androidx.profileinstaller:profileinstaller:1.4.0] AndroidManifest.xml:41:17-91
127-->[androidx.profileinstaller:profileinstaller:1.4.0] AndroidManifest.xml:41:25-88
128            </intent-filter>
129            <intent-filter>
129-->[androidx.profileinstaller:profileinstaller:1.4.0] AndroidManifest.xml:43:13-45:29
130                <action android:name="androidx.profileinstaller.action.SKIP_FILE" />
130-->[androidx.profileinstaller:profileinstaller:1.4.0] AndroidManifest.xml:44:17-85
130-->[androidx.profileinstaller:profileinstaller:1.4.0] AndroidManifest.xml:44:25-82
131            </intent-filter>
132            <intent-filter>
132-->[androidx.profileinstaller:profileinstaller:1.4.0] AndroidManifest.xml:46:13-48:29
133                <action android:name="androidx.profileinstaller.action.SAVE_PROFILE" />
133-->[androidx.profileinstaller:profileinstaller:1.4.0] AndroidManifest.xml:47:17-88
133-->[androidx.profileinstaller:profileinstaller:1.4.0] AndroidManifest.xml:47:25-85
134            </intent-filter>
135            <intent-filter>
135-->[androidx.profileinstaller:profileinstaller:1.4.0] AndroidManifest.xml:49:13-51:29
136                <action android:name="androidx.profileinstaller.action.BENCHMARK_OPERATION" />
136-->[androidx.profileinstaller:profileinstaller:1.4.0] AndroidManifest.xml:50:17-95
136-->[androidx.profileinstaller:profileinstaller:1.4.0] AndroidManifest.xml:50:25-92
137            </intent-filter>
138        </receiver>
139    </application>
140
141</manifest>